2019-04-28 at 14:17:58 CST INFO  org.springframework.boot.StartupInfoLogger 48 logStarting - Starting Application on han-T400 with PID 18637 (/home/han/workroom/coding/java/zooweb/target/classes started by han in /home/han/workroom/coding/java/zooweb)
2019-04-28 at 14:17:58 CST INFO  org.springframework.boot.SpringApplication 593 logStartupProfileInfo - No active profile set, falling back to default profiles: default
2019-04-28 at 14:17:59 CST INFO  org.springframework.context.support.AbstractApplicationContext 583 prepareRefresh - Refreshing org.springframework.boot.context.embedded.AnnotationConfigEmbeddedWebApplicationContext@290222c1: startup date [Sun Apr 28 14:17:59 CST 2019]; root of context hierarchy
2019-04-28 at 14:18:01 CST INFO  org.hibernate.validator.internal.util.Version 30 <clinit> - HV000001: Hibernate Validator 5.3.5.Final
2019-04-28 at 14:18:08 CST INFO  org.springframework.boot.context.embedded.tomcat.TomcatEmbeddedServletContainer 89 initialize - Tomcat initialized with port(s): 9345 (http)
2019-04-28 at 14:18:08 CST INFO  org.apache.juli.logging.DirectJDKLog 179 log - Starting service [Tomcat]
2019-04-28 at 14:18:08 CST INFO  org.apache.juli.logging.DirectJDKLog 179 log - Starting Servlet Engine: Apache Tomcat/8.5.15
2019-04-28 at 14:18:09 CST INFO  org.apache.juli.logging.DirectJDKLog 179 log - Initializing Spring embedded WebApplicationContext
2019-04-28 at 14:18:09 CST INFO  org.springframework.boot.context.embedded.EmbeddedWebApplicationContext 276 prepareEmbeddedWebApplicationContext - Root WebApplicationContext: initialization completed in 10547 ms
2019-04-28 at 14:18:11 CST INFO  org.springframework.boot.web.servlet.ServletRegistrationBean 190 onStartup - Mapping servlet: 'zkCacheServlet' to [/hello]
2019-04-28 at 14:18:11 CST INFO  org.springframework.boot.web.servlet.ServletRegistrationBean 190 onStartup - Mapping servlet: 'dispatcherServlet' to [/]
2019-04-28 at 14:18:11 CST INFO  org.springframework.boot.web.servlet.ServletRegistrationBean 190 onStartup - Mapping servlet: 'webServlet' to [/h2/*]
2019-04-28 at 14:18:11 CST INFO  org.springframework.boot.web.servlet.AbstractFilterRegistrationBean 258 configure - Mapping filter: 'characterEncodingFilter' to: [/*]
2019-04-28 at 14:18:11 CST INFO  org.springframework.boot.web.servlet.AbstractFilterRegistrationBean 258 configure - Mapping filter: 'hiddenHttpMethodFilter' to: [/*]
2019-04-28 at 14:18:11 CST INFO  org.springframework.boot.web.servlet.AbstractFilterRegistrationBean 258 configure - Mapping filter: 'httpPutFormContentFilter' to: [/*]
2019-04-28 at 14:18:11 CST INFO  org.springframework.boot.web.servlet.AbstractFilterRegistrationBean 258 configure - Mapping filter: 'requestContextFilter' to: [/*]
2019-04-28 at 14:18:13 CST INFO  com.alibaba.druid.support.logging.Log4j2Impl 106 info - {dataSource-1} inited
2019-04-28 at 14:18:13 CST INFO  org.springframework.jdbc.datasource.init.ScriptUtils 441 executeSqlScript - Executing SQL script from class path resource [db/schema.sql]
2019-04-28 at 14:18:13 CST INFO  org.springframework.jdbc.datasource.init.ScriptUtils 507 executeSqlScript - Executed SQL script from class path resource [db/schema.sql] in 55 ms.
2019-04-28 at 14:18:14 CST INFO  org.springframework.web.servlet.mvc.method.annotation.RequestMappingHandlerAdapter 534 initControllerAdviceCache - Looking for @ControllerAdvice: org.springframework.boot.context.embedded.AnnotationConfigEmbeddedWebApplicationContext@290222c1: startup date [Sun Apr 28 14:17:59 CST 2019]; root of context hierarchy
2019-04-28 at 14:18:16 CST INFO  org.springframework.web.servlet.handler.AbstractHandlerMethodMapping$MappingRegistry 543 register - Mapped "{[]}" onto public java.lang.String com.zhy.zooweb.web.IndexController.index()
2019-04-28 at 14:18:16 CST INFO  org.springframework.web.servlet.handler.AbstractHandlerMethodMapping$MappingRegistry 543 register - Mapped "{[/zkcfg/queryZkCfgById]}" onto public java.util.Map<java.lang.String, java.lang.Object> com.zhy.zooweb.web.ZkCfgController.queryZkCfg(java.lang.String)
2019-04-28 at 14:18:16 CST INFO  org.springframework.web.servlet.handler.AbstractHandlerMethodMapping$MappingRegistry 543 register - Mapped "{[/zkcfg/queryZkCfg]}" onto public java.util.Map<java.lang.String, java.lang.Object> com.zhy.zooweb.web.ZkCfgController.queryZkCfg(int,int)
2019-04-28 at 14:18:16 CST INFO  org.springframework.web.servlet.handler.AbstractHandlerMethodMapping$MappingRegistry 543 register - Mapped "{[/zkcfg/addZkCfg],produces=[text/html;charset=UTF-8]}" onto public java.lang.String com.zhy.zooweb.web.ZkCfgController.addZkCfg(java.lang.String,java.lang.String,java.lang.String)
2019-04-28 at 14:18:16 CST INFO  org.springframework.web.servlet.handler.AbstractHandlerMethodMapping$MappingRegistry 543 register - Mapped "{[/zkcfg/updateZkCfg],produces=[text/html;charset=UTF-8]}" onto public java.lang.String com.zhy.zooweb.web.ZkCfgController.updateZkCfg(java.lang.String,java.lang.String,java.lang.String,java.lang.String)
2019-04-28 at 14:18:16 CST INFO  org.springframework.web.servlet.handler.AbstractHandlerMethodMapping$MappingRegistry 543 register - Mapped "{[/zkcfg/delZkCfg],produces=[text/html;charset=UTF-8]}" onto public java.lang.String com.zhy.zooweb.web.ZkCfgController.delZkCfg(java.lang.String)
2019-04-28 at 14:18:16 CST INFO  org.springframework.web.servlet.handler.AbstractHandlerMethodMapping$MappingRegistry 543 register - Mapped "{[/zk/createNode],produces=[text/html;charset=UTF-8]}" onto public java.lang.String com.zhy.zooweb.web.ZkController.createNode(java.lang.String,java.lang.String,java.lang.String)
2019-04-28 at 14:18:16 CST INFO  org.springframework.web.servlet.handler.AbstractHandlerMethodMapping$MappingRegistry 543 register - Mapped "{[/zk/queryZnodeInfo]}" onto public java.util.Map<java.lang.String, java.lang.Object> com.zhy.zooweb.web.ZkController.queryzNodeInfo(java.lang.String,java.lang.String)
2019-04-28 at 14:18:16 CST INFO  org.springframework.web.servlet.handler.AbstractHandlerMethodMapping$MappingRegistry 543 register - Mapped "{[/zk/saveData],produces=[text/html;charset=UTF-8]}" onto public java.lang.String com.zhy.zooweb.web.ZkController.saveData(java.lang.String,java.lang.String,java.lang.String)
2019-04-28 at 14:18:16 CST INFO  org.springframework.web.servlet.handler.AbstractHandlerMethodMapping$MappingRegistry 543 register - Mapped "{[/zk/deleteNode],produces=[text/html;charset=UTF-8]}" onto public java.lang.String com.zhy.zooweb.web.ZkController.deleteNode(java.lang.String,java.lang.String)
2019-04-28 at 14:18:16 CST INFO  org.springframework.web.servlet.handler.AbstractHandlerMethodMapping$MappingRegistry 543 register - Mapped "{[/zk/queryZnode]}" onto public java.util.List<com.zhy.zooweb.model.Tree> com.zhy.zooweb.web.ZkController.query(java.lang.String,java.lang.String,java.lang.String)
2019-04-28 at 14:18:16 CST INFO  org.springframework.web.servlet.handler.AbstractHandlerMethodMapping$MappingRegistry 543 register - Mapped "{[/error],produces=[text/html]}" onto public org.springframework.web.servlet.ModelAndView org.springframework.boot.autoconfigure.web.BasicErrorController.errorHtml(javax.servlet.http.HttpServletRequest,javax.servlet.http.HttpServletResponse)
2019-04-28 at 14:18:16 CST INFO  org.springframework.web.servlet.handler.AbstractHandlerMethodMapping$MappingRegistry 543 register - Mapped "{[/error]}" onto public org.springframework.http.ResponseEntity<java.util.Map<java.lang.String, java.lang.Object>> org.springframework.boot.autoconfigure.web.BasicErrorController.error(javax.servlet.http.HttpServletRequest)
2019-04-28 at 14:18:16 CST INFO  org.springframework.web.servlet.handler.AbstractUrlHandlerMapping 362 registerHandler - Mapped URL path [/webjars/**] onto handler of type [class org.springframework.web.servlet.resource.ResourceHttpRequestHandler]
2019-04-28 at 14:18:16 CST INFO  org.springframework.web.servlet.handler.AbstractUrlHandlerMapping 362 registerHandler - Mapped URL path [/**] onto handler of type [class org.springframework.web.servlet.resource.ResourceHttpRequestHandler]
2019-04-28 at 14:18:16 CST INFO  org.springframework.web.servlet.handler.AbstractUrlHandlerMapping 362 registerHandler - Mapped URL path [/**/favicon.ico] onto handler of type [class org.springframework.web.servlet.resource.ResourceHttpRequestHandler]
2019-04-28 at 14:18:16 CST INFO  org.springframework.boot.autoconfigure.web.WebMvcAutoConfiguration$WelcomePageHandlerMapping 549 <init> - Adding welcome page: class path resource [static/index.html]
2019-04-28 at 14:18:18 CST INFO  org.springframework.jmx.export.MBeanExporter 431 afterSingletonsInstantiated - Registering beans for JMX exposure on startup
2019-04-28 at 14:18:18 CST INFO  org.springframework.jmx.export.MBeanExporter 916 autodetect - Bean with name 'dataSource' has been autodetected for JMX exposure
2019-04-28 at 14:18:18 CST INFO  org.springframework.jmx.export.MBeanExporter 671 registerBeanInstance - Located MBean 'dataSource': registering with JMX server as MBean [com.alibaba.druid.pool:name=dataSource,type=DruidDataSource]
2019-04-28 at 14:18:18 CST INFO  org.apache.juli.logging.DirectJDKLog 179 log - Initializing ProtocolHandler ["http-nio-9345"]
2019-04-28 at 14:18:18 CST INFO  org.apache.juli.logging.DirectJDKLog 179 log - Starting ProtocolHandler ["http-nio-9345"]
2019-04-28 at 14:18:18 CST INFO  org.apache.juli.logging.DirectJDKLog 179 log - Using a shared selector for servlet write/read
2019-04-28 at 14:18:18 CST INFO  org.springframework.boot.context.embedded.tomcat.TomcatEmbeddedServletContainer 201 start - Tomcat started on port(s): 9345 (http)
2019-04-28 at 14:18:18 CST INFO  org.springframework.boot.StartupInfoLogger 57 logStarted - Started Application in 22.989 seconds (JVM running for 34.732)
2019-04-28 at 14:19:51 CST INFO  org.springframework.context.support.AbstractApplicationContext 984 doClose - Closing org.springframework.boot.context.embedded.AnnotationConfigEmbeddedWebApplicationContext@290222c1: startup date [Sun Apr 28 14:17:59 CST 2019]; root of context hierarchy
2019-04-28 at 14:19:51 CST INFO  org.springframework.jmx.export.MBeanExporter 449 destroy - Unregistering JMX-exposed beans on shutdown
2019-04-28 at 14:21:05 CST INFO  org.springframework.boot.StartupInfoLogger 48 logStarting - Starting Application on han-T400 with PID 18773 (/home/han/workroom/coding/java/zooweb/target/classes started by han in /home/han/workroom/coding/java/zooweb)
2019-04-28 at 14:21:05 CST INFO  org.springframework.boot.SpringApplication 593 logStartupProfileInfo - No active profile set, falling back to default profiles: default
2019-04-28 at 14:21:06 CST INFO  org.springframework.context.support.AbstractApplicationContext 583 prepareRefresh - Refreshing org.springframework.boot.context.embedded.AnnotationConfigEmbeddedWebApplicationContext@290222c1: startup date [Sun Apr 28 14:21:06 CST 2019]; root of context hierarchy
2019-04-28 at 14:21:08 CST INFO  org.hibernate.validator.internal.util.Version 30 <clinit> - HV000001: Hibernate Validator 5.3.5.Final
2019-04-28 at 14:21:15 CST INFO  org.springframework.boot.context.embedded.tomcat.TomcatEmbeddedServletContainer 89 initialize - Tomcat initialized with port(s): 9345 (http)
2019-04-28 at 14:21:15 CST INFO  org.apache.juli.logging.DirectJDKLog 179 log - Starting service [Tomcat]
2019-04-28 at 14:21:15 CST INFO  org.apache.juli.logging.DirectJDKLog 179 log - Starting Servlet Engine: Apache Tomcat/8.5.15
2019-04-28 at 14:21:16 CST INFO  org.apache.juli.logging.DirectJDKLog 179 log - Initializing Spring embedded WebApplicationContext
2019-04-28 at 14:21:16 CST INFO  org.springframework.boot.context.embedded.EmbeddedWebApplicationContext 276 prepareEmbeddedWebApplicationContext - Root WebApplicationContext: initialization completed in 10028 ms
2019-04-28 at 14:21:17 CST INFO  org.springframework.boot.web.servlet.ServletRegistrationBean 190 onStartup - Mapping servlet: 'zkCacheServlet' to [/hello]
2019-04-28 at 14:21:17 CST INFO  org.springframework.boot.web.servlet.ServletRegistrationBean 190 onStartup - Mapping servlet: 'dispatcherServlet' to [/]
2019-04-28 at 14:21:17 CST INFO  org.springframework.boot.web.servlet.ServletRegistrationBean 190 onStartup - Mapping servlet: 'webServlet' to [/h2/*]
2019-04-28 at 14:21:17 CST INFO  org.springframework.boot.web.servlet.AbstractFilterRegistrationBean 258 configure - Mapping filter: 'characterEncodingFilter' to: [/*]
2019-04-28 at 14:21:17 CST INFO  org.springframework.boot.web.servlet.AbstractFilterRegistrationBean 258 configure - Mapping filter: 'hiddenHttpMethodFilter' to: [/*]
2019-04-28 at 14:21:17 CST INFO  org.springframework.boot.web.servlet.AbstractFilterRegistrationBean 258 configure - Mapping filter: 'httpPutFormContentFilter' to: [/*]
2019-04-28 at 14:21:17 CST INFO  org.springframework.boot.web.servlet.AbstractFilterRegistrationBean 258 configure - Mapping filter: 'requestContextFilter' to: [/*]
2019-04-28 at 14:21:19 CST INFO  com.alibaba.druid.support.logging.Log4j2Impl 106 info - {dataSource-1} inited
2019-04-28 at 14:21:20 CST INFO  org.springframework.jdbc.datasource.init.ScriptUtils 441 executeSqlScript - Executing SQL script from class path resource [db/schema.sql]
2019-04-28 at 14:21:20 CST INFO  org.springframework.jdbc.datasource.init.ScriptUtils 507 executeSqlScript - Executed SQL script from class path resource [db/schema.sql] in 18 ms.
2019-04-28 at 14:21:22 CST INFO  org.springframework.web.servlet.mvc.method.annotation.RequestMappingHandlerAdapter 534 initControllerAdviceCache - Looking for @ControllerAdvice: org.springframework.boot.context.embedded.AnnotationConfigEmbeddedWebApplicationContext@290222c1: startup date [Sun Apr 28 14:21:06 CST 2019]; root of context hierarchy
2019-04-28 at 14:21:23 CST INFO  org.springframework.web.servlet.handler.AbstractHandlerMethodMapping$MappingRegistry 543 register - Mapped "{[]}" onto public java.lang.String com.zhy.zooweb.web.IndexController.index()
2019-04-28 at 14:21:23 CST INFO  org.springframework.web.servlet.handler.AbstractHandlerMethodMapping$MappingRegistry 543 register - Mapped "{[/zkcfg/queryZkCfgById]}" onto public java.util.Map<java.lang.String, java.lang.Object> com.zhy.zooweb.web.ZkCfgController.queryZkCfg(java.lang.String)
2019-04-28 at 14:21:23 CST INFO  org.springframework.web.servlet.handler.AbstractHandlerMethodMapping$MappingRegistry 543 register - Mapped "{[/zkcfg/queryZkCfg]}" onto public java.util.Map<java.lang.String, java.lang.Object> com.zhy.zooweb.web.ZkCfgController.queryZkCfg(int,int)
2019-04-28 at 14:21:23 CST INFO  org.springframework.web.servlet.handler.AbstractHandlerMethodMapping$MappingRegistry 543 register - Mapped "{[/zkcfg/addZkCfg],produces=[text/html;charset=UTF-8]}" onto public java.lang.String com.zhy.zooweb.web.ZkCfgController.addZkCfg(java.lang.String,java.lang.String,java.lang.String)
2019-04-28 at 14:21:23 CST INFO  org.springframework.web.servlet.handler.AbstractHandlerMethodMapping$MappingRegistry 543 register - Mapped "{[/zkcfg/updateZkCfg],produces=[text/html;charset=UTF-8]}" onto public java.lang.String com.zhy.zooweb.web.ZkCfgController.updateZkCfg(java.lang.String,java.lang.String,java.lang.String,java.lang.String)
2019-04-28 at 14:21:23 CST INFO  org.springframework.web.servlet.handler.AbstractHandlerMethodMapping$MappingRegistry 543 register - Mapped "{[/zkcfg/delZkCfg],produces=[text/html;charset=UTF-8]}" onto public java.lang.String com.zhy.zooweb.web.ZkCfgController.delZkCfg(java.lang.String)
2019-04-28 at 14:21:23 CST INFO  org.springframework.web.servlet.handler.AbstractHandlerMethodMapping$MappingRegistry 543 register - Mapped "{[/zk/createNode],produces=[text/html;charset=UTF-8]}" onto public java.lang.String com.zhy.zooweb.web.ZkController.createNode(java.lang.String,java.lang.String,java.lang.String)
2019-04-28 at 14:21:23 CST INFO  org.springframework.web.servlet.handler.AbstractHandlerMethodMapping$MappingRegistry 543 register - Mapped "{[/zk/queryZnodeInfo]}" onto public java.util.Map<java.lang.String, java.lang.Object> com.zhy.zooweb.web.ZkController.queryzNodeInfo(java.lang.String,java.lang.String)
2019-04-28 at 14:21:23 CST INFO  org.springframework.web.servlet.handler.AbstractHandlerMethodMapping$MappingRegistry 543 register - Mapped "{[/zk/saveData],produces=[text/html;charset=UTF-8]}" onto public java.lang.String com.zhy.zooweb.web.ZkController.saveData(java.lang.String,java.lang.String,java.lang.String)
2019-04-28 at 14:21:23 CST INFO  org.springframework.web.servlet.handler.AbstractHandlerMethodMapping$MappingRegistry 543 register - Mapped "{[/zk/deleteNode],produces=[text/html;charset=UTF-8]}" onto public java.lang.String com.zhy.zooweb.web.ZkController.deleteNode(java.lang.String,java.lang.String)
2019-04-28 at 14:21:23 CST INFO  org.springframework.web.servlet.handler.AbstractHandlerMethodMapping$MappingRegistry 543 register - Mapped "{[/zk/queryZnode]}" onto public java.util.List<com.zhy.zooweb.model.Tree> com.zhy.zooweb.web.ZkController.query(java.lang.String,java.lang.String,java.lang.String)
2019-04-28 at 14:21:23 CST INFO  org.springframework.web.servlet.handler.AbstractHandlerMethodMapping$MappingRegistry 543 register - Mapped "{[/error],produces=[text/html]}" onto public org.springframework.web.servlet.ModelAndView org.springframework.boot.autoconfigure.web.BasicErrorController.errorHtml(javax.servlet.http.HttpServletRequest,javax.servlet.http.HttpServletResponse)
2019-04-28 at 14:21:23 CST INFO  org.springframework.web.servlet.handler.AbstractHandlerMethodMapping$MappingRegistry 543 register - Mapped "{[/error]}" onto public org.springframework.http.ResponseEntity<java.util.Map<java.lang.String, java.lang.Object>> org.springframework.boot.autoconfigure.web.BasicErrorController.error(javax.servlet.http.HttpServletRequest)
2019-04-28 at 14:21:23 CST INFO  org.springframework.web.servlet.handler.AbstractUrlHandlerMapping 362 registerHandler - Mapped URL path [/webjars/**] onto handler of type [class org.springframework.web.servlet.resource.ResourceHttpRequestHandler]
2019-04-28 at 14:21:23 CST INFO  org.springframework.web.servlet.handler.AbstractUrlHandlerMapping 362 registerHandler - Mapped URL path [/**] onto handler of type [class org.springframework.web.servlet.resource.ResourceHttpRequestHandler]
2019-04-28 at 14:21:24 CST INFO  org.springframework.web.servlet.handler.AbstractUrlHandlerMapping 362 registerHandler - Mapped URL path [/**/favicon.ico] onto handler of type [class org.springframework.web.servlet.resource.ResourceHttpRequestHandler]
2019-04-28 at 14:21:24 CST INFO  org.springframework.boot.autoconfigure.web.WebMvcAutoConfiguration$WelcomePageHandlerMapping 549 <init> - Adding welcome page: class path resource [static/index.html]
2019-04-28 at 14:21:25 CST INFO  org.springframework.jmx.export.MBeanExporter 431 afterSingletonsInstantiated - Registering beans for JMX exposure on startup
2019-04-28 at 14:21:25 CST INFO  org.springframework.jmx.export.MBeanExporter 916 autodetect - Bean with name 'dataSource' has been autodetected for JMX exposure
2019-04-28 at 14:21:25 CST INFO  org.springframework.jmx.export.MBeanExporter 671 registerBeanInstance - Located MBean 'dataSource': registering with JMX server as MBean [com.alibaba.druid.pool:name=dataSource,type=DruidDataSource]
2019-04-28 at 14:21:25 CST INFO  org.apache.juli.logging.DirectJDKLog 179 log - Initializing ProtocolHandler ["http-nio-9345"]
2019-04-28 at 14:21:25 CST INFO  org.apache.juli.logging.DirectJDKLog 179 log - Starting ProtocolHandler ["http-nio-9345"]
2019-04-28 at 14:21:25 CST INFO  org.apache.juli.logging.DirectJDKLog 179 log - Using a shared selector for servlet write/read
2019-04-28 at 14:21:25 CST INFO  org.springframework.boot.context.embedded.tomcat.TomcatEmbeddedServletContainer 201 start - Tomcat started on port(s): 9345 (http)
2019-04-28 at 14:21:26 CST INFO  org.springframework.boot.StartupInfoLogger 57 logStarted - Started Application in 23.615 seconds (JVM running for 32.797)
2019-04-28 at 15:16:59 CST INFO  org.apache.juli.logging.DirectJDKLog 179 log - Initializing Spring FrameworkServlet 'dispatcherServlet'
2019-04-28 at 15:16:59 CST INFO  org.springframework.web.servlet.FrameworkServlet 489 initServletBean - FrameworkServlet 'dispatcherServlet': initialization started
2019-04-28 at 15:16:59 CST INFO  org.springframework.web.servlet.FrameworkServlet 508 initServletBean - FrameworkServlet 'dispatcherServlet': initialization completed in 69 ms
2019-04-28 at 15:17:00 CST INFO  com.zhy.zooweb.web.ZkCfgController 30 queryZkCfg - Sun Apr 28 15:17:00 CST 2019
2019-04-28 at 15:17:00 CST INFO  com.zhy.zooweb.web.ZkCfgController 30 queryZkCfg - Sun Apr 28 15:17:00 CST 2019
2019-04-28 at 15:51:16 CST INFO  org.springframework.boot.StartupInfoLogger 48 logStarting - Starting Application on han-T400 with PID 20266 (/home/han/workroom/coding/java/zooweb/target/classes started by han in /home/han/workroom/coding/java/zooweb)
2019-04-28 at 15:51:16 CST INFO  org.springframework.boot.SpringApplication 593 logStartupProfileInfo - No active profile set, falling back to default profiles: default
2019-04-28 at 15:51:17 CST INFO  org.springframework.context.support.AbstractApplicationContext 583 prepareRefresh - Refreshing org.springframework.boot.context.embedded.AnnotationConfigEmbeddedWebApplicationContext@71a8adcf: startup date [Sun Apr 28 15:51:17 CST 2019]; root of context hierarchy
2019-04-28 at 15:51:20 CST INFO  org.hibernate.validator.internal.util.Version 30 <clinit> - HV000001: Hibernate Validator 5.3.5.Final
2019-04-28 at 15:51:31 CST INFO  org.springframework.boot.context.embedded.tomcat.TomcatEmbeddedServletContainer 89 initialize - Tomcat initialized with port(s): 9345 (http)
2019-04-28 at 15:51:32 CST INFO  org.apache.juli.logging.DirectJDKLog 179 log - Starting service [Tomcat]
2019-04-28 at 15:51:32 CST INFO  org.apache.juli.logging.DirectJDKLog 179 log - Starting Servlet Engine: Apache Tomcat/8.5.15
2019-04-28 at 15:51:34 CST INFO  org.apache.juli.logging.DirectJDKLog 179 log - Initializing Spring embedded WebApplicationContext
2019-04-28 at 15:51:34 CST INFO  org.springframework.boot.context.embedded.EmbeddedWebApplicationContext 276 prepareEmbeddedWebApplicationContext - Root WebApplicationContext: initialization completed in 16327 ms
2019-04-28 at 15:51:36 CST INFO  org.springframework.boot.web.servlet.ServletRegistrationBean 190 onStartup - Mapping servlet: 'zkCacheServlet' to [/hello]
2019-04-28 at 15:51:36 CST INFO  org.springframework.boot.web.servlet.ServletRegistrationBean 190 onStartup - Mapping servlet: 'dispatcherServlet' to [/]
2019-04-28 at 15:51:36 CST INFO  org.springframework.boot.web.servlet.ServletRegistrationBean 190 onStartup - Mapping servlet: 'webServlet' to [/h2/*]
2019-04-28 at 15:51:36 CST INFO  org.springframework.boot.web.servlet.AbstractFilterRegistrationBean 258 configure - Mapping filter: 'characterEncodingFilter' to: [/*]
2019-04-28 at 15:51:36 CST INFO  org.springframework.boot.web.servlet.AbstractFilterRegistrationBean 258 configure - Mapping filter: 'hiddenHttpMethodFilter' to: [/*]
2019-04-28 at 15:51:36 CST INFO  org.springframework.boot.web.servlet.AbstractFilterRegistrationBean 258 configure - Mapping filter: 'httpPutFormContentFilter' to: [/*]
2019-04-28 at 15:51:36 CST INFO  org.springframework.boot.web.servlet.AbstractFilterRegistrationBean 258 configure - Mapping filter: 'requestContextFilter' to: [/*]
2019-04-28 at 15:51:43 CST INFO  com.alibaba.druid.support.logging.Log4j2Impl 106 info - {dataSource-1} inited
2019-04-28 at 15:51:43 CST INFO  org.springframework.jdbc.datasource.init.ScriptUtils 441 executeSqlScript - Executing SQL script from class path resource [db/schema.sql]
2019-04-28 at 15:51:43 CST INFO  org.springframework.jdbc.datasource.init.ScriptUtils 507 executeSqlScript - Executed SQL script from class path resource [db/schema.sql] in 140 ms.
2019-04-28 at 15:51:48 CST INFO  org.springframework.web.servlet.mvc.method.annotation.RequestMappingHandlerAdapter 534 initControllerAdviceCache - Looking for @ControllerAdvice: org.springframework.boot.context.embedded.AnnotationConfigEmbeddedWebApplicationContext@71a8adcf: startup date [Sun Apr 28 15:51:17 CST 2019]; root of context hierarchy
2019-04-28 at 15:51:49 CST INFO  org.springframework.web.servlet.handler.AbstractHandlerMethodMapping$MappingRegistry 543 register - Mapped "{[]}" onto public java.lang.String com.zhy.zooweb.web.IndexController.index()
2019-04-28 at 15:51:49 CST INFO  org.springframework.web.servlet.handler.AbstractHandlerMethodMapping$MappingRegistry 543 register - Mapped "{[/zkcfg/queryZkCfgById]}" onto public java.util.Map<java.lang.String, java.lang.Object> com.zhy.zooweb.web.ZkCfgController.queryZkCfg(java.lang.String)
2019-04-28 at 15:51:49 CST INFO  org.springframework.web.servlet.handler.AbstractHandlerMethodMapping$MappingRegistry 543 register - Mapped "{[/zkcfg/queryZkCfg]}" onto public java.util.Map<java.lang.String, java.lang.Object> com.zhy.zooweb.web.ZkCfgController.queryZkCfg(int,int)
2019-04-28 at 15:51:49 CST INFO  org.springframework.web.servlet.handler.AbstractHandlerMethodMapping$MappingRegistry 543 register - Mapped "{[/zkcfg/addZkCfg],produces=[text/html;charset=UTF-8]}" onto public java.lang.String com.zhy.zooweb.web.ZkCfgController.addZkCfg(java.lang.String,java.lang.String,java.lang.String)
2019-04-28 at 15:51:49 CST INFO  org.springframework.web.servlet.handler.AbstractHandlerMethodMapping$MappingRegistry 543 register - Mapped "{[/zkcfg/updateZkCfg],produces=[text/html;charset=UTF-8]}" onto public java.lang.String com.zhy.zooweb.web.ZkCfgController.updateZkCfg(java.lang.String,java.lang.String,java.lang.String,java.lang.String)
2019-04-28 at 15:51:49 CST INFO  org.springframework.web.servlet.handler.AbstractHandlerMethodMapping$MappingRegistry 543 register - Mapped "{[/zkcfg/delZkCfg],produces=[text/html;charset=UTF-8]}" onto public java.lang.String com.zhy.zooweb.web.ZkCfgController.delZkCfg(java.lang.String)
2019-04-28 at 15:51:49 CST INFO  org.springframework.web.servlet.handler.AbstractHandlerMethodMapping$MappingRegistry 543 register - Mapped "{[/zk/createNode],produces=[text/html;charset=UTF-8]}" onto public java.lang.String com.zhy.zooweb.web.ZkController.createNode(java.lang.String,java.lang.String,java.lang.String)
2019-04-28 at 15:51:49 CST INFO  org.springframework.web.servlet.handler.AbstractHandlerMethodMapping$MappingRegistry 543 register - Mapped "{[/zk/deleteNode],produces=[text/html;charset=UTF-8]}" onto public java.lang.String com.zhy.zooweb.web.ZkController.deleteNode(java.util.List<java.lang.String>,java.lang.String)
2019-04-28 at 15:51:49 CST INFO  org.springframework.web.servlet.handler.AbstractHandlerMethodMapping$MappingRegistry 543 register - Mapped "{[/zk/saveData],produces=[text/html;charset=UTF-8]}" onto public java.lang.String com.zhy.zooweb.web.ZkController.saveData(java.lang.String,java.lang.String,java.lang.String)
2019-04-28 at 15:51:49 CST INFO  org.springframework.web.servlet.handler.AbstractHandlerMethodMapping$MappingRegistry 543 register - Mapped "{[/zk/queryZnodeInfo]}" onto public java.util.Map<java.lang.String, java.lang.Object> com.zhy.zooweb.web.ZkController.queryzNodeInfo(java.lang.String,java.lang.String)
2019-04-28 at 15:51:49 CST INFO  org.springframework.web.servlet.handler.AbstractHandlerMethodMapping$MappingRegistry 543 register - Mapped "{[/zk/queryZnode]}" onto public java.util.List<com.zhy.zooweb.model.Tree> com.zhy.zooweb.web.ZkController.query(java.lang.String,java.lang.String,java.lang.String)
2019-04-28 at 15:51:49 CST INFO  org.springframework.web.servlet.handler.AbstractHandlerMethodMapping$MappingRegistry 543 register - Mapped "{[/error],produces=[text/html]}" onto public org.springframework.web.servlet.ModelAndView org.springframework.boot.autoconfigure.web.BasicErrorController.errorHtml(javax.servlet.http.HttpServletRequest,javax.servlet.http.HttpServletResponse)
2019-04-28 at 15:51:49 CST INFO  org.springframework.web.servlet.handler.AbstractHandlerMethodMapping$MappingRegistry 543 register - Mapped "{[/error]}" onto public org.springframework.http.ResponseEntity<java.util.Map<java.lang.String, java.lang.Object>> org.springframework.boot.autoconfigure.web.BasicErrorController.error(javax.servlet.http.HttpServletRequest)
2019-04-28 at 15:51:50 CST INFO  org.springframework.web.servlet.handler.AbstractUrlHandlerMapping 362 registerHandler - Mapped URL path [/webjars/**] onto handler of type [class org.springframework.web.servlet.resource.ResourceHttpRequestHandler]
2019-04-28 at 15:51:50 CST INFO  org.springframework.web.servlet.handler.AbstractUrlHandlerMapping 362 registerHandler - Mapped URL path [/**] onto handler of type [class org.springframework.web.servlet.resource.ResourceHttpRequestHandler]
2019-04-28 at 15:51:50 CST INFO  org.springframework.web.servlet.handler.AbstractUrlHandlerMapping 362 registerHandler - Mapped URL path [/**/favicon.ico] onto handler of type [class org.springframework.web.servlet.resource.ResourceHttpRequestHandler]
2019-04-28 at 15:51:50 CST INFO  org.springframework.boot.autoconfigure.web.WebMvcAutoConfiguration$WelcomePageHandlerMapping 549 <init> - Adding welcome page: class path resource [static/index.html]
2019-04-28 at 15:51:52 CST INFO  org.springframework.jmx.export.MBeanExporter 431 afterSingletonsInstantiated - Registering beans for JMX exposure on startup
2019-04-28 at 15:51:52 CST INFO  org.springframework.jmx.export.MBeanExporter 916 autodetect - Bean with name 'dataSource' has been autodetected for JMX exposure
2019-04-28 at 15:51:52 CST INFO  org.springframework.jmx.export.MBeanExporter 671 registerBeanInstance - Located MBean 'dataSource': registering with JMX server as MBean [com.alibaba.druid.pool:name=dataSource,type=DruidDataSource]
2019-04-28 at 15:51:52 CST INFO  org.apache.juli.logging.DirectJDKLog 179 log - Initializing ProtocolHandler ["http-nio-9345"]
2019-04-28 at 15:51:52 CST INFO  org.apache.juli.logging.DirectJDKLog 179 log - Starting ProtocolHandler ["http-nio-9345"]
2019-04-28 at 15:51:52 CST INFO  org.apache.juli.logging.DirectJDKLog 179 log - Using a shared selector for servlet write/read
2019-04-28 at 15:51:52 CST INFO  org.springframework.boot.context.embedded.tomcat.TomcatEmbeddedServletContainer 201 start - Tomcat started on port(s): 9345 (http)
2019-04-28 at 15:51:52 CST INFO  org.springframework.boot.StartupInfoLogger 57 logStarted - Started Application in 40.258 seconds (JVM running for 51.112)
2019-04-28 at 15:52:53 CST INFO  org.apache.juli.logging.DirectJDKLog 179 log - Initializing Spring FrameworkServlet 'dispatcherServlet'
2019-04-28 at 15:52:53 CST INFO  org.springframework.web.servlet.FrameworkServlet 489 initServletBean - FrameworkServlet 'dispatcherServlet': initialization started
2019-04-28 at 15:52:53 CST INFO  org.springframework.web.servlet.FrameworkServlet 508 initServletBean - FrameworkServlet 'dispatcherServlet': initialization completed in 68 ms
2019-04-28 at 15:52:54 CST INFO  com.zhy.zooweb.web.ZkCfgController 31 queryZkCfg - Sun Apr 28 15:52:54 CST 2019
2019-04-28 at 15:52:54 CST INFO  com.zhy.zooweb.web.ZkCfgController 31 queryZkCfg - Sun Apr 28 15:52:54 CST 2019
2019-04-28 at 15:53:14 CST INFO  com.zhy.zooweb.web.ZkCfgController 31 queryZkCfg - Sun Apr 28 15:53:14 CST 2019
2019-04-28 at 15:53:24 CST INFO  org.apache.curator.framework.imps.CuratorFrameworkImpl 238 start - Starting
2019-04-28 at 15:53:24 CST INFO  org.apache.zookeeper.Environment 100 logEnv - Client environment:zookeeper.version=3.4.6-1569965, built on 02/20/2014 09:09 GMT
2019-04-28 at 15:53:24 CST INFO  org.apache.zookeeper.Environment 100 logEnv - Client environment:host.name=han-T400
2019-04-28 at 15:53:24 CST INFO  org.apache.zookeeper.Environment 100 logEnv - Client environment:java.version=1.8.0_112
2019-04-28 at 15:53:24 CST INFO  org.apache.zookeeper.Environment 100 logEnv - Client environment:java.vendor=Oracle Corporation
2019-04-28 at 15:53:24 CST INFO  org.apache.zookeeper.Environment 100 logEnv - Client environment:java.home=/home/han/Applications/java/jdk1.8.0_112/jre
2019-04-28 at 15:53:24 CST INFO  org.apache.zookeeper.Environment 100 logEnv - Client environment:java.class.path=/home/han/Applications/java/default/jre/lib/charsets.jar:/home/han/Applications/java/default/jre/lib/deploy.jar:/home/han/Applications/java/default/jre/lib/ext/cldrdata.jar:/home/han/Applications/java/default/jre/lib/ext/dnsns.jar:/home/han/Applications/java/default/jre/lib/ext/jaccess.jar:/home/han/Applications/java/default/jre/lib/ext/jfxrt.jar:/home/han/Applications/java/default/jre/lib/ext/localedata.jar:/home/han/Applications/java/default/jre/lib/ext/nashorn.jar:/home/han/Applications/java/default/jre/lib/ext/sunec.jar:/home/han/Applications/java/default/jre/lib/ext/sunjce_provider.jar:/home/han/Applications/java/default/jre/lib/ext/sunpkcs11.jar:/home/han/Applications/java/default/jre/lib/ext/zipfs.jar:/home/han/Applications/java/default/jre/lib/javaws.jar:/home/han/Applications/java/default/jre/lib/jce.jar:/home/han/Applications/java/default/jre/lib/jfr.jar:/home/han/Applications/java/default/jre/lib/jfxswt.jar:/home/han/Applications/java/default/jre/lib/jsse.jar:/home/han/Applications/java/default/jre/lib/management-agent.jar:/home/han/Applications/java/default/jre/lib/plugin.jar:/home/han/Applications/java/default/jre/lib/resources.jar:/home/han/Applications/java/default/jre/lib/rt.jar:/home/han/workroom/coding/java/zooweb/target/classes:/home/han/.m2/repository/org/springframework/boot/spring-boot-starter-web/1.5.4.RELEASE/spring-boot-starter-web-1.5.4.RELEASE.jar:/home/han/.m2/repository/org/springframework/boot/spring-boot-starter/1.5.4.RELEASE/spring-boot-starter-1.5.4.RELEASE.jar:/home/han/.m2/repository/org/springframework/boot/spring-boot/1.5.4.RELEASE/spring-boot-1.5.4.RELEASE.jar:/home/han/.m2/repository/org/springframework/boot/spring-boot-autoconfigure/1.5.4.RELEASE/spring-boot-autoconfigure-1.5.4.RELEASE.jar:/home/han/.m2/repository/org/springframework/spring-core/4.3.9.RELEASE/spring-core-4.3.9.RELEASE.jar:/home/han/.m2/repository/org/yaml/snakeyaml/1.17/snakeyaml-1.17.jar:/home/han/.m2/repository/org/springframework/boot/spring-boot-starter-tomcat/1.5.4.RELEASE/spring-boot-starter-tomcat-1.5.4.RELEASE.jar:/home/han/.m2/repository/org/apache/tomcat/embed/tomcat-embed-core/8.5.15/tomcat-embed-core-8.5.15.jar:/home/han/.m2/repository/org/apache/tomcat/embed/tomcat-embed-el/8.5.15/tomcat-embed-el-8.5.15.jar:/home/han/.m2/repository/org/apache/tomcat/embed/tomcat-embed-websocket/8.5.15/tomcat-embed-websocket-8.5.15.jar:/home/han/.m2/repository/org/hibernate/hibernate-validator/5.3.5.Final/hibernate-validator-5.3.5.Final.jar:/home/han/.m2/repository/javax/validation/validation-api/1.1.0.Final/validation-api-1.1.0.Final.jar:/home/han/.m2/repository/org/jboss/logging/jboss-logging/3.3.1.Final/jboss-logging-3.3.1.Final.jar:/home/han/.m2/repository/com/fasterxml/classmate/1.3.3/classmate-1.3.3.jar:/home/han/.m2/repository/com/fasterxml/jackson/core/jackson-databind/2.8.8/jackson-databind-2.8.8.jar:/home/han/.m2/repository/com/fasterxml/jackson/core/jackson-annotations/2.8.0/jackson-annotations-2.8.0.jar:/home/han/.m2/repository/com/fasterxml/jackson/core/jackson-core/2.8.8/jackson-core-2.8.8.jar:/home/han/.m2/repository/org/springframework/spring-web/4.3.9.RELEASE/spring-web-4.3.9.RELEASE.jar:/home/han/.m2/repository/org/springframework/spring-aop/4.3.9.RELEASE/spring-aop-4.3.9.RELEASE.jar:/home/han/.m2/repository/org/springframework/spring-beans/4.3.9.RELEASE/spring-beans-4.3.9.RELEASE.jar:/home/han/.m2/repository/org/springframework/spring-context/4.3.9.RELEASE/spring-context-4.3.9.RELEASE.jar:/home/han/.m2/repository/org/springframework/spring-webmvc/4.3.9.RELEASE/spring-webmvc-4.3.9.RELEASE.jar:/home/han/.m2/repository/org/springframework/spring-expression/4.3.9.RELEASE/spring-expression-4.3.9.RELEASE.jar:/home/han/.m2/repository/org/springframework/boot/spring-boot-starter-log4j2/1.5.4.RELEASE/spring-boot-starter-log4j2-1.5.4.RELEASE.jar:/home/han/.m2/repository/org/apache/logging/log4j/log4j-slf4j-impl/2.7/log4j-slf4j-impl-2.7.jar:/home/han/.m2/repository/org/apache/logging/log4j/log4j-api/2.7/log4j-api-2.7.jar:/home/han/.m2/repository/org/apache/logging/log4j/log4j-core/2.7/log4j-core-2.7.jar:/home/han/.m2/repository/org/slf4j/jcl-over-slf4j/1.7.25/jcl-over-slf4j-1.7.25.jar:/home/han/.m2/repository/org/slf4j/jul-to-slf4j/1.7.25/jul-to-slf4j-1.7.25.jar:/home/han/.m2/repository/org/springframework/boot/spring-boot-starter-jdbc/1.5.4.RELEASE/spring-boot-starter-jdbc-1.5.4.RELEASE.jar:/home/han/.m2/repository/org/apache/tomcat/tomcat-jdbc/8.5.15/tomcat-jdbc-8.5.15.jar:/home/han/.m2/repository/org/apache/tomcat/tomcat-juli/8.5.15/tomcat-juli-8.5.15.jar:/home/han/.m2/repository/org/springframework/spring-jdbc/4.3.9.RELEASE/spring-jdbc-4.3.9.RELEASE.jar:/home/han/.m2/repository/org/springframework/spring-tx/4.3.9.RELEASE/spring-tx-4.3.9.RELEASE.jar:/home/han/.m2/repository/com/h2database/h2/1.4.195/h2-1.4.195.jar:/home/han/.m2/repository/com/alibaba/druid/1.0.26/druid-1.0.26.jar:/home/han/Applications/java/default/lib/jconsole.jar:/home/han/Applications/java/default/lib/tools.jar:/home/han/.m2/repository/org/apache/zookeeper/zookeeper/3.4.6/zookeeper-3.4.6.jar:/home/han/.m2/repository/org/slf4j/slf4j-api/1.7.25/slf4j-api-1.7.25.jar:/home/han/.m2/repository/jline/jline/0.9.94/jline-0.9.94.jar:/home/han/.m2/repository/junit/junit/4.12/junit-4.12.jar:/home/han/.m2/repository/org/hamcrest/hamcrest-core/1.3/hamcrest-core-1.3.jar:/home/han/.m2/repository/io/netty/netty/3.7.0.Final/netty-3.7.0.Final.jar:/home/han/.m2/repository/org/apache/curator/curator-framework/2.5.0/curator-framework-2.5.0.jar:/home/han/.m2/repository/org/apache/curator/curator-client/2.5.0/curator-client-2.5.0.jar:/home/han/.m2/repository/com/google/guava/guava/16.0.1/guava-16.0.1.jar:/home/han/Applications/idea-IC-183.5429.30/lib/idea_rt.jar
2019-04-28 at 15:53:24 CST INFO  org.apache.zookeeper.Environment 100 logEnv - Client environment:java.library.path=/usr/java/packages/lib/amd64:/usr/lib64:/lib64:/lib:/usr/lib
2019-04-28 at 15:53:24 CST INFO  org.apache.zookeeper.Environment 100 logEnv - Client environment:java.io.tmpdir=/tmp
2019-04-28 at 15:53:24 CST INFO  org.apache.zookeeper.Environment 100 logEnv - Client environment:java.compiler=<NA>
2019-04-28 at 15:53:24 CST INFO  org.apache.zookeeper.Environment 100 logEnv - Client environment:os.name=Linux
2019-04-28 at 15:53:24 CST INFO  org.apache.zookeeper.Environment 100 logEnv - Client environment:os.arch=amd64
2019-04-28 at 15:53:24 CST INFO  org.apache.zookeeper.Environment 100 logEnv - Client environment:os.version=4.15.0-46-generic
2019-04-28 at 15:53:24 CST INFO  org.apache.zookeeper.Environment 100 logEnv - Client environment:user.name=han
2019-04-28 at 15:53:24 CST INFO  org.apache.zookeeper.Environment 100 logEnv - Client environment:user.home=/home/han
2019-04-28 at 15:53:24 CST INFO  org.apache.zookeeper.Environment 100 logEnv - Client environment:user.dir=/home/han/workroom/coding/java/zooweb
2019-04-28 at 15:53:24 CST INFO  org.apache.zookeeper.ZooKeeper 438 <init> - Initiating client connection, connectString=10.5.16.238:2181 sessionTimeout=3600000 watcher=org.apache.curator.ConnectionState@3631bab8
2019-04-28 at 15:53:24 CST INFO  org.apache.zookeeper.ClientCnxn$SendThread 975 logStartConnect - Opening socket connection to server 10.5.16.238/10.5.16.238:2181. Will not attempt to authenticate using SASL (unknown error)
2019-04-28 at 15:53:24 CST INFO  com.zhy.zooweb.web.ZkCfgController 31 queryZkCfg - Sun Apr 28 15:53:24 CST 2019
2019-04-28 at 15:53:46 CST INFO  com.zhy.zooweb.web.ZkCfgController 31 queryZkCfg - Sun Apr 28 15:53:46 CST 2019
2019-04-28 at 15:53:46 CST INFO  com.zhy.zooweb.web.ZkController 49 query - id : null | path : null | cacheId : undefined
2019-04-28 at 15:53:47 CST INFO  com.zhy.zooweb.web.ZkController 49 query - id : 0 | path : / | cacheId : undefined
2019-04-28 at 15:53:55 CST INFO  org.apache.curator.framework.imps.CuratorFrameworkImpl 238 start - Starting
2019-04-28 at 15:53:55 CST INFO  org.apache.zookeeper.ZooKeeper 438 <init> - Initiating client connection, connectString=10.5.16.213:2181 sessionTimeout=3600000 watcher=org.apache.curator.ConnectionState@2d739399
2019-04-28 at 15:53:55 CST INFO  org.apache.zookeeper.ClientCnxn$SendThread 975 logStartConnect - Opening socket connection to server 10.5.16.213/10.5.16.213:2181. Will not attempt to authenticate using SASL (unknown error)
2019-04-28 at 15:53:55 CST INFO  com.zhy.zooweb.web.ZkCfgController 31 queryZkCfg - Sun Apr 28 15:53:55 CST 2019
2019-04-28 at 15:53:56 CST INFO  org.apache.zookeeper.ClientCnxn$SendThread 852 primeConnection - Socket connection established to 10.5.16.213/10.5.16.213:2181, initiating session
2019-04-28 at 15:53:56 CST INFO  org.apache.zookeeper.ClientCnxn$SendThread 1235 onConnected - Session establishment complete on server 10.5.16.213/10.5.16.213:2181, sessionid = 0x16a5a0286360046, negotiated timeout = 80000
2019-04-28 at 15:53:56 CST INFO  org.apache.curator.framework.state.ConnectionStateManager 194 postState - State change: CONNECTED
2019-04-28 at 15:54:02 CST INFO  com.zhy.zooweb.web.ZkController 49 query - id : 0 | path : / | cacheId : undefined
2019-04-28 at 15:54:04 CST INFO  com.zhy.zooweb.web.ZkController 49 query - id : null | path : null | cacheId : 1e5078072aa44590a256872d7af00e53
2019-04-28 at 15:54:04 CST INFO  com.zhy.zooweb.web.ZkController 49 query - id : 0 | path : / | cacheId : 1e5078072aa44590a256872d7af00e53
2019-04-28 at 15:54:07 CST INFO  com.zhy.zooweb.web.ZkController 30 queryzNodeInfo - queryzNodeInfo : /elements
2019-04-28 at 15:54:08 CST INFO  com.zhy.zooweb.web.ZkController 49 query - id : 11 | path : /elements | cacheId : 1e5078072aa44590a256872d7af00e53
2019-04-28 at 15:54:09 CST INFO  com.zhy.zooweb.web.ZkController 30 queryzNodeInfo - queryzNodeInfo : /isr_change_notification
2019-04-28 at 15:54:11 CST INFO  com.zhy.zooweb.web.ZkController 49 query - id : 10 | path : /kafka-manager | cacheId : 1e5078072aa44590a256872d7af00e53
2019-04-28 at 15:54:13 CST INFO  com.zhy.zooweb.web.ZkController 30 queryzNodeInfo - queryzNodeInfo : /kafka-manager/clusters
2019-04-28 at 15:54:13 CST INFO  com.zhy.zooweb.web.ZkController 30 queryzNodeInfo - queryzNodeInfo : /kafka-manager/clusters
2019-04-28 at 15:54:14 CST INFO  com.zhy.zooweb.web.ZkController 49 query - id : 19 | path : /kafka-manager/clusters | cacheId : 1e5078072aa44590a256872d7af00e53
2019-04-28 at 15:54:16 CST INFO  com.zhy.zooweb.web.ZkController 30 queryzNodeInfo - queryzNodeInfo : /kafka-manager/clusters/213
2019-04-28 at 15:54:16 CST INFO  com.zhy.zooweb.web.ZkController 49 query - id : 20 | path : /kafka-manager/clusters/213 | cacheId : 1e5078072aa44590a256872d7af00e53
2019-04-28 at 15:55:18 CST INFO  com.zhy.zooweb.web.ZkCfgController 31 queryZkCfg - Sun Apr 28 15:55:18 CST 2019
2019-04-28 at 15:55:18 CST INFO  com.zhy.zooweb.web.ZkCfgController 31 queryZkCfg - Sun Apr 28 15:55:18 CST 2019
2019-04-28 at 15:55:33 CST INFO  com.zhy.zooweb.web.ZkController 49 query - id : null | path : null | cacheId : 1e5078072aa44590a256872d7af00e53
2019-04-28 at 15:55:33 CST INFO  com.zhy.zooweb.web.ZkController 49 query - id : 0 | path : / | cacheId : 1e5078072aa44590a256872d7af00e53
2019-04-28 at 15:55:35 CST INFO  org.apache.zookeeper.ClientCnxn$SendThread 975 logStartConnect - Opening socket connection to server 10.5.16.238/10.5.16.238:2181. Will not attempt to authenticate using SASL (unknown error)
2019-04-28 at 15:55:37 CST INFO  com.zhy.zooweb.web.ZkController 49 query - id : 10 | path : /kafka-manager | cacheId : 1e5078072aa44590a256872d7af00e53
2019-04-28 at 15:55:38 CST INFO  com.zhy.zooweb.web.ZkController 49 query - id : 17 | path : /kafka-manager/configs | cacheId : 1e5078072aa44590a256872d7af00e53
2019-04-28 at 15:55:40 CST INFO  com.zhy.zooweb.web.ZkController 30 queryzNodeInfo - queryzNodeInfo : /kafka-manager/configs/213
